<?xml version="1.0" encoding="UTF-8"?>
<!-- Generated by org.testng.reporters.JUnitReportReporter -->
<testsuite hostname="SWOODLEY202009.local" failures="0" tests="1" name="com.homesnap.automation.test.HomesnapLaunchTest" time="3.424" errors="0" timestamp="2020-09-20T01:56:14 EDT" skipped="0">
  <testcase classname="com.homesnap.automation.test.HomesnapLaunchTest" name="openHomepage" time="3.424"/>
  <system-out/>
</testsuite> <!-- com.homesnap.automation.test.HomesnapLaunchTest -->
